#
# A fatal error has been detected by the Java Runtime Environment:
#
#  EXCEPTION_ACCESS_VIOLATION (0xc0000005) at pc=0x00007ffe44fd62d7, pid=18492, tid=16372
#
# JRE version: Java(TM) SE Runtime Environment (17.0.1+12) (build 17.0.1+12-LTS-39)
# Java VM: Java HotSpot(TM) 64-Bit Server VM (17.0.1+12-LTS-39, mixed mode, sharing, tiered, compressed oops, compressed class ptrs, g1 gc, windows-amd64)
# Problematic frame:
# C  [glass.dll+0x262d7]
#
# No core dump will be written. Minidumps are not enabled by default on client versions of Windows
#
# If you would like to submit a bug report, please visit:
#   https://bugreport.java.com/bugreport/crash.jsp
#

---------------  S U M M A R Y ------------

Command Line: --module-path=lib\javafx-sdk-18\lib --add-modules=javafx.controls,javafx.fxml,javafx.graphics --add-opens=javafx.base/com.sun.javafx.runtime=ALL-UNNAMED --add-opens=javafx.controls/com.sun.javafx.scene.control.behavior=ALL-UNNAMED --add-opens=javafx.controls/com.sun.javafx.scene.control=ALL-UNNAMED --add-opens=javafx.base/com.sun.javafx.binding=ALL-UNNAMED --add-opens=javafx.base/com.sun.javafx.event=ALL-UNNAMED --add-opens=javafx.graphics/com.sun.javafx.stage=ALL-UNNAMED -javaagent:C:\Program Files\JetBrains\IntelliJ IDEA Community Edition 2021.2.2\lib\idea_rt.jar=1233:C:\Program Files\JetBrains\IntelliJ IDEA Community Edition 2021.2.2\bin -Dfile.encoding=UTF-8 Main

Host: Intel(R) Core(TM) i7-8565U CPU @ 1.80GHz, 8 cores, 7G,  Windows 10 , 64 bit Build 22000 (10.0.22000.708)
Time: Mon Oct  3 11:58:03 2022 SE Asia Standard Time elapsed time: 6.206157 seconds (0d 0h 0m 6s)

---------------  T H R E A D  ---------------

Current thread (0x0000016159fef210):  VMThread "VM Thread" [stack: 0x0000000dd6c00000,0x0000000dd6d00000] [id=16372]

Stack: [0x0000000dd6c00000,0x0000000dd6d00000],  sp=0x0000000dd6cfefe0,  free space=1019k
Native frames: (J=compiled Java code, j=interpreted, Vv=VM code, C=native code)
C  [glass.dll+0x262d7]


siginfo: EXCEPTION_ACCESS_VIOLATION (0xc0000005), reading address 0x0000000000000000


Register to memory mapping:

RIP=0x00007ffe44fd62d7 glass.dll
RAX=0x0 is NULL
RBX=0x000001615a006a60 is a global jni handle
RCX=0x0000016159fef210 points into unknown readable memory: 0x00007ffdec3cc5e0 | e0 c5 3c ec fd 7f 00 00
RDX=0x0000000dd6cfefe0 points into unknown readable memory: 0x0000000000000000 | 00 00 00 00 00 00 00 00
RSP=0x0000000dd6cfefe0 points into unknown readable memory: 0x0000000000000000 | 00 00 00 00 00 00 00 00
RBP=0x000001615b3bd0b8 points into unknown readable memory: 0x00009fdae696a95c | 5c a9 96 e6 da 9f 00 00
RSI=0x000001615b3bd090 points into unknown readable memory: 0xe44f4cb72696aea3 | a3 ae 96 26 b7 4c 4f e4
RDI=0x00009fdae696a95c is an unknown value
R8 =0x0000000000010002 is an unknown value
R9 =0x00009fdae696a95c is an unknown value
R10=0x85f13e9656da4870 is an unknown value
R11=0x0000000dd6cfef70 points into unknown readable memory: 0x000001615b3bd090 | 90 d0 3b 5b 61 01 00 00
R12=0x00007ffe44fd3bc4 glass.dll
R13=0x0000000000000001 is an unknown value
R14=0x0000000dd6cff0e8 points into unknown readable memory: 0x0000000dd6cff0d0 | d0 f0 cf d6 0d 00 00 00
R15=0x000001615b3bd090 points into unknown readable memory: 0xe44f4cb72696aea3 | a3 ae 96 26 b7 4c 4f e4


Registers:
RAX=0x0000000000000000, RBX=0x000001615a006a60, RCX=0x0000016159fef210, RDX=0x0000000dd6cfefe0
RSP=0x0000000dd6cfefe0, RBP=0x000001615b3bd0b8, RSI=0x000001615b3bd090, RDI=0x00009fdae696a95c
R8 =0x0000000000010002, R9 =0x00009fdae696a95c, R10=0x85f13e9656da4870, R11=0x0000000dd6cfef70
R12=0x00007ffe44fd3bc4, R13=0x0000000000000001, R14=0x0000000dd6cff0e8, R15=0x000001615b3bd090
RIP=0x00007ffe44fd62d7, EFLAGS=0x0000000000010206

Top of Stack: (sp=0x0000000dd6cfefe0)
0x0000000dd6cfefe0:   0000000000000000 000001615b3bd090
0x0000000dd6cfeff0:   0000000000000001 00007ffe44fd3bc4
0x0000000dd6cff000:   000001615b3bd098 00007ffe5cd4bea0
0x0000000dd6cff010:   00009fdae696a95c 0000016100000000
0x0000000dd6cff020:   000001615b3bd0b8 000001615b3bd090
0x0000000dd6cff030:   fffffffffffffffe 0000000000000000
0x0000000dd6cff040:   0000000000000001 00007ffe44fb0000
0x0000000dd6cff050:   0000000dd6cff0d8 00007ffe5cd4bdb7
0x0000000dd6cff060:   0000000000000000 0000000dd6cff0e8
0x0000000dd6cff070:   0000000dd6cff3d0 00007ffe5ce312b0
0x0000000dd6cff080:   0000000000000001 00007ffe5cd4bd6d
0x0000000dd6cff090:   0000000000000000 0000000000000001
0x0000000dd6cff0a0:   0000000000000000 0000000dd6cff0d8
0x0000000dd6cff0b0:   fffffffffffffffe 0000000dd6cff300
0x0000000dd6cff0c0:   0000000000000000 00007ffe44fd3a51
0x0000000dd6cff0d0:   00007ffe44fe9f88 0000000000000002 

Instructions: (pc=0x00007ffe44fd62d7)
0x00007ffe44fd61d7:   8b 4d 58 e8 2d cf ff ff 48 8b 4d 60 e8 24 cf ff
0x00007ffe44fd61e7:   ff 48 8b 95 80 00 00 00 48 8b 8d 18 01 00 00 e8
0x00007ffe44fd61f7:   16 c4 ff ff 33 d2 33 c9 e8 5c e1 ff ff 90 48 89
0x00007ffe44fd6207:   54 24 10 55 48 83 ec 20 48 8b ea 48 b8 00 00 00
0x00007ffe44fd6217:   00 00 00 00 00 48 83 c4 20 5d c3 cc 40 55 48 8b
0x00007ffe44fd6227:   ea 48 8b 01 33 c9 81 38 05 00 00 c0 0f 94 c1 8b
0x00007ffe44fd6237:   c1 5d c3 cc 40 55 48 83 ec 20 48 8b ea 8a 4d 40
0x00007ffe44fd6247:   48 83 c4 20 5d e9 17 d3 ff ff cc 40 55 48 83 ec
0x00007ffe44fd6257:   20 48 8b ea 8a 4d 20 e8 05 d3 ff ff 90 48 83 c4
0x00007ffe44fd6267:   20 5d c3 cc 40 55 48 83 ec 20 48 8b ea 48 83 c4
0x00007ffe44fd6277:   20 5d e9 66 d1 ff ff cc 40 55 48 83 ec 30 48 8b
0x00007ffe44fd6287:   ea 48 8b 01 8b 10 48 89 4c 24 28 89 54 24 20 4c
0x00007ffe44fd6297:   8d 0d 07 d6 ff ff 4c 8b 45 70 8b 55 68 48 8b 4d
0x00007ffe44fd62a7:   60 e8 a7 d0 ff ff 90 48 83 c4 30 5d c3 cc cc cc
0x00007ffe44fd62b7:   cc cc cc cc cc cc cc cc cc 40 53 48 83 ec 20 48
0x00007ffe44fd62c7:   8b 1d bb 36 01 00 48 85 db 74 16 e8 59 8b ff ff
0x00007ffe44fd62d7:   4c 8b 00 48 8b d3 48 8b c8 41 ff 90 b0 00 00 00
0x00007ffe44fd62e7:   90 48 83 c4 20 5b c3 cc cc 40 53 48 83 ec 20 48
0x00007ffe44fd62f7:   8b 1d 2b 38 01 00 48 85 db 74 57 b8 ff ff ff ff
0x00007ffe44fd6307:   f0 0f c1 43 10 83 f8 01 75 3d 48 85 db 74 38 48
0x00007ffe44fd6317:   8b 0b 48 85 c9 74 0d ff 15 84 0f 00 00 48 c7 03
0x00007ffe44fd6327:   00 00 00 00 48 8b 4b 08 48 85 c9 74 0d e8 d3 cd
0x00007ffe44fd6337:   ff ff 48 c7 43 08 00 00 00 00 ba 18 00 00 00 48
0x00007ffe44fd6347:   8b cb e8 be cd ff ff 48 c7 05 cf 37 01 00 00 00
0x00007ffe44fd6357:   00 00 48 83 c4 20 5b c3 cc 40 53 48 83 ec 20 48
0x00007ffe44fd6367:   8b 1d 9b 37 01 00 48 85 db 74 57 b8 ff ff ff ff
0x00007ffe44fd6377:   f0 0f c1 43 10 83 f8 01 75 3d 48 85 db 74 38 48
0x00007ffe44fd6387:   8b 0b 48 85 c9 74 0d ff 15 14 0f 00 00 48 c7 03
0x00007ffe44fd6397:   00 00 00 00 48 8b 4b 08 48 85 c9 74 0d e8 63 cd
0x00007ffe44fd63a7:   ff ff 48 c7 43 08 00 00 00 00 ba 18 00 00 00 48
0x00007ffe44fd63b7:   8b cb e8 4e cd ff ff 48 c7 05 3f 37 01 00 00 00
0x00007ffe44fd63c7:   00 00 48 83 c4 20 5b c3 cc 40 53 48 83 ec 20 48 


Stack slot to memory mapping:
stack at sp + 0 slots: 0x0 is NULL
stack at sp + 1 slots: 0x000001615b3bd090 points into unknown readable memory: 0xe44f4cb72696aea3 | a3 ae 96 26 b7 4c 4f e4
stack at sp + 2 slots: 0x0000000000000001 is an unknown value
stack at sp + 3 slots: 0x00007ffe44fd3bc4 glass.dll
stack at sp + 4 slots: 0x000001615b3bd098 points into unknown readable memory: 0x00009fdae696a95c | 5c a9 96 e6 da 9f 00 00
stack at sp + 5 slots: 0x00007ffe5cd4bea0 ucrtbase.dll
stack at sp + 6 slots: 0x00009fdae696a95c is an unknown value
stack at sp + 7 slots: 0x0000016100000000 is an unknown value

VM_Operation (0x0000000dd7efb5a0): Exit, mode: safepoint, requested by thread 0x000001615bb1bad0


---------------  P R O C E S S  ---------------

Threads class SMR info:
_java_thread_list=0x000001615c6a13f0, length=20, elements={
0x000001613bfafb80, 0x0000016159ff6860, 0x0000016159ff7bb0, 0x000001615a00b770,
0x000001615a010640, 0x000001615a011790, 0x000001615a0148f0, 0x000001615a01af40,
0x000001615a01bd90, 0x000001615a01d2d0, 0x000001615ac3d180, 0x000001615acb0250,
0x000001615b4fc3f0, 0x000001615b6d4960, 0x000001615bf016b0, 0x000001615bb1bad0,
0x000001615bb95b80, 0x000001615b9a8870, 0x000001615bcbed70, 0x000001615bd8bd60
}

Java Threads: ( => current thread )
  0x000001613bfafb80 JavaThread "main" [_thread_blocked, id=10916, stack(0x0000000dd6600000,0x0000000dd6700000)]
  0x0000016159ff6860 JavaThread "Reference Handler" daemon [_thread_blocked, id=22196, stack(0x0000000dd6d00000,0x0000000dd6e00000)]
  0x0000016159ff7bb0 JavaThread "Finalizer" daemon [_thread_blocked, id=17736, stack(0x0000000dd6e00000,0x0000000dd6f00000)]
  0x000001615a00b770 JavaThread "Signal Dispatcher" daemon [_thread_blocked, id=21052, stack(0x0000000dd6f00000,0x0000000dd7000000)]
  0x000001615a010640 JavaThread "Attach Listener" daemon [_thread_blocked, id=15284, stack(0x0000000dd7000000,0x0000000dd7100000)]
  0x000001615a011790 JavaThread "Service Thread" daemon [_thread_blocked, id=17496, stack(0x0000000dd7100000,0x0000000dd7200000)]
  0x000001615a0148f0 JavaThread "Monitor Deflation Thread" daemon [_thread_blocked, id=2864, stack(0x0000000dd7200000,0x0000000dd7300000)]
  0x000001615a01af40 JavaThread "C2 CompilerThread0" daemon [_thread_blocked, id=9532, stack(0x0000000dd7300000,0x0000000dd7400000)]
  0x000001615a01bd90 JavaThread "C1 CompilerThread0" daemon [_thread_blocked, id=9504, stack(0x0000000dd7400000,0x0000000dd7500000)]
  0x000001615a01d2d0 JavaThread "Sweeper thread" daemon [_thread_blocked, id=12620, stack(0x0000000dd7500000,0x0000000dd7600000)]
  0x000001615ac3d180 JavaThread "Common-Cleaner" daemon [_thread_blocked, id=1488, stack(0x0000000dd7600000,0x0000000dd7700000)]
  0x000001615acb0250 JavaThread "Monitor Ctrl-Break" daemon [_thread_in_native, id=15564, stack(0x0000000dd7900000,0x0000000dd7a00000)]
  0x000001615b4fc3f0 JavaThread "Notification Thread" daemon [_thread_blocked, id=16772, stack(0x0000000dd7a00000,0x0000000dd7b00000)]
  0x000001615b6d4960 JavaThread "QuantumRenderer-0" daemon [_thread_blocked, id=16216, stack(0x0000000dd7c00000,0x0000000dd7d00000)]
  0x000001615bf016b0 JavaThread "InvokeLaterDispatcher" daemon [_thread_blocked, id=23324, stack(0x0000000dd7d00000,0x0000000dd7e00000)]
  0x000001615bb1bad0 JavaThread "JavaFX Application Thread" [_thread_blocked, id=1424, stack(0x0000000dd7e00000,0x0000000dd7f00000)]
  0x000001615bb95b80 JavaThread "JavaFX-Launcher" [_thread_blocked, id=1564, stack(0x0000000dd8300000,0x0000000dd8400000)]
  0x000001615b9a8870 JavaThread "Thread-2" daemon [_thread_in_native, id=3760, stack(0x0000000dd8200000,0x0000000dd8300000)]
  0x000001615bcbed70 JavaThread "Prism Font Disposer" daemon [_thread_blocked, id=19644, stack(0x0000000dd8900000,0x0000000dd8a00000)]
  0x000001615bd8bd60 JavaThread "Cleaner-0" daemon [_thread_blocked, id=20772, stack(0x0000000dd7700000,0x0000000dd7800000)]

Other Threads:
=>0x0000016159fef210 VMThread "VM Thread" [stack: 0x0000000dd6c00000,0x0000000dd6d00000] [id=16372]
  0x000001613bfee6b0 GCTaskThread "GC Thread#0" [stack: 0x0000000dd6700000,0x0000000dd6800000] [id=18744]
  0x000001615b9af6d0 GCTaskThread "GC Thread#1" [stack: 0x0000000dd8400000,0x0000000dd8500000] [id=2356]
  0x000001615bb8ed60 GCTaskThread "GC Thread#2" [stack: 0x0000000dd8500000,0x0000000dd8600000] [id=2888]
  0x000001615b9ac7f0 GCTaskThread "GC Thread#3" [stack: 0x0000000dd8600000,0x0000000dd8700000] [id=21520]
  0x000001615b9acaa0 GCTaskThread "GC Thread#4" [stack: 0x0000000dd8700000,0x0000000dd8800000] [id=588]
  0x000001615bbe7af0 GCTaskThread "GC Thread#5" [stack: 0x0000000dd8800000,0x0000000dd8900000] [id=8612]
  0x000001615be04870 GCTaskThread "GC Thread#6" [stack: 0x0000000dd8d00000,0x0000000dd8e00000] [id=16016]
  0x00000161638919c0 GCTaskThread "GC Thread#7" [stack: 0x0000000dd8f00000,0x0000000dd9000000] [id=20408]
  0x000001613c000240 ConcurrentGCThread "G1 Main Marker" terminated
  0x000001613c000db0 ConcurrentGCThread "G1 Conc#0" [stack: 0x0000000dd6900000,0x0000000dd6a00000] [id=23372]
  0x0000016159eb0090 ConcurrentGCThread "G1 Refine#0" terminated
  0x0000016159eb0ab0 ConcurrentGCThread "G1 Service" terminated

Threads with active compile tasks:

VM state: at safepoint (shutting down)

VM Mutex/Monitor currently owned by a thread:  ([mutex/lock_event])
[0x000001613bfaa760] Threads_lock - owner thread: 0x0000016159fef210
[0x000001613bfab7b0] Heap_lock - owner thread: 0x000001615bb1bad0

Heap address: 0x0000000081e00000, size: 2018 MB, Compressed Oops mode: 32-bit

CDS archive(s) mapped at: [0x0000000800000000-0x0000000800bc0000-0x0000000800bc0000), size 12320768, SharedBaseAddress: 0x0000000800000000, ArchiveRelocationMode: 0.
Compressed class space mapped at: 0x0000000800c00000-0x0000000840c00000, reserved size: 1073741824
Narrow klass base: 0x0000000800000000, Narrow klass shift: 0, Narrow klass range: 0x100000000

GC Precious Log:
 CPUs: 8 total, 8 available
 Memory: 8071M
 Large Page Support: Disabled
 NUMA Support: Disabled
 Compressed Oops: Enabled (32-bit)
 Heap Region Size: 1M
 Heap Min Capacity: 8M
 Heap Initial Capacity: 128M
 Heap Max Capacity: 2018M
 Pre-touch: Disabled
 Parallel Workers: 8
 Concurrent Workers: 2
 Concurrent Refinement Workers: 8
 Periodic GC: Disabled

Heap:
 garbage-first heap   total 131072K, used 20082K [0x0000000081e00000, 0x0000000100000000)
  region size 1024K, 13 young (13312K), 4 survivors (4096K)
 Metaspace       used 14772K, committed 14976K, reserved 1064960K
  class space    used 2182K, committed 2304K, reserved 1048576K

Heap Regions: E=young(eden), S=young(survivor), O=old, HS=humongous(starts), HC=humongous(continues), CS=collection set, F=free, OA=open archive, CA=closed archive, TAMS=top-at-mark-start (previous, next)
|   0|0x0000000081e00000, 0x0000000081f00000, 0x0000000081f00000|100%|HS|  |TAMS 0x0000000081e00000, 0x0000000081e00000| Complete 
|   1|0x0000000081f00000, 0x0000000082000000, 0x0000000082000000|100%| O|  |TAMS 0x0000000081f00000, 0x0000000081f00000| Untracked 
|   2|0x0000000082000000, 0x0000000082100000, 0x0000000082100000|100%| O|  |TAMS 0x0000000082000000, 0x0000000082000000| Untracked 
|   3|0x0000000082100000, 0x0000000082200000, 0x0000000082200000|100%| O|  |TAMS 0x0000000082100000, 0x0000000082100000| Untracked 
|   4|0x0000000082200000, 0x0000000082300000, 0x0000000082300000|100%| O|  |TAMS 0x0000000082200000, 0x0000000082200000| Untracked 
|   5|0x0000000082300000, 0x0000000082400000, 0x0000000082400000|100%| O|  |TAMS 0x0000000082300000, 0x0000000082300000| Untracked 
|   6|0x0000000082400000, 0x000000008245b000, 0x0000000082500000| 35%| O|  |TAMS 0x0000000082400000, 0x0000000082400000| Untracked 
|   7|0x0000000082500000, 0x0000000082600000, 0x0000000082600000|100%|HS|  |TAMS 0x0000000082500000, 0x0000000082500000| Complete 
|   8|0x0000000082600000, 0x0000000082700000, 0x0000000082700000|100%|HC|  |TAMS 0x0000000082600000, 0x0000000082600000| Complete 
|   9|0x0000000082700000, 0x0000000082700000, 0x0000000082800000|  0%| F|  |TAMS 0x0000000082700000, 0x0000000082700000| Untracked 
|  10|0x0000000082800000, 0x0000000082800000, 0x0000000082900000|  0%| F|  |TAMS 0x0000000082800000, 0x0000000082800000| Untracked 
|  11|0x0000000082900000, 0x0000000082900000, 0x0000000082a00000|  0%| F|  |TAMS 0x0000000082900000, 0x0000000082900000| Untracked 
|  12|0x0000000082a00000, 0x0000000082a00000, 0x0000000082b00000|  0%| F|  |TAMS 0x0000000082a00000, 0x0000000082a00000| Untracked 
|  13|0x0000000082b00000, 0x0000000082b00000, 0x0000000082c00000|  0%| F|  |TAMS 0x0000000082b00000, 0x0000000082b00000| Untracked 
|  14|0x0000000082c00000, 0x0000000082c00000, 0x0000000082d00000|  0%| F|  |TAMS 0x0000000082c00000, 0x0000000082c00000| Untracked 
|  15|0x0000000082d00000, 0x0000000082d00000, 0x0000000082e00000|  0%| F|  |TAMS 0x0000000082d00000, 0x0000000082d00000| Untracked 
|  16|0x0000000082e00000, 0x0000000082e00000, 0x0000000082f00000|  0%| F|  |TAMS 0x0000000082e00000, 0x0000000082e00000| Untracked 
|  17|0x0000000082f00000, 0x0000000082f00000, 0x0000000083000000|  0%| F|  |TAMS 0x0000000082f00000, 0x0000000082f00000| Untracked 
|  18|0x0000000083000000, 0x0000000083000000, 0x0000000083100000|  0%| F|  |TAMS 0x0000000083000000, 0x0000000083000000| Untracked 
|  19|0x0000000083100000, 0x0000000083100000, 0x0000000083200000|  0%| F|  |TAMS 0x0000000083100000, 0x0000000083100000| Untracked 
|  20|0x0000000083200000, 0x0000000083200000, 0x0000000083300000|  0%| F|  |TAMS 0x0000000083200000, 0x0000000083200000| Untracked 
|  21|0x0000000083300000, 0x0000000083300000, 0x0000000083400000|  0%| F|  |TAMS 0x0000000083300000, 0x0000000083300000| Untracked 
|  22|0x0000000083400000, 0x0000000083400000, 0x0000000083500000|  0%| F|  |TAMS 0x0000000083400000, 0x0000000083400000| Untracked 
|  23|0x0000000083500000, 0x0000000083500000, 0x0000000083600000|  0%| F|  |TAMS 0x0000000083500000, 0x0000000083500000| Untracked 
|  24|0x0000000083600000, 0x0000000083600000, 0x0000000083700000|  0%| F|  |TAMS 0x0000000083600000, 0x0000000083600000| Untracked 
|  25|0x0000000083700000, 0x0000000083700000, 0x0000000083800000|  0%| F|  |TAMS 0x0000000083700000, 0x0000000083700000| Untracked 
|  26|0x0000000083800000, 0x0000000083800000, 0x0000000083900000|  0%| F|  |TAMS 0x0000000083800000, 0x0000000083800000| Untracked 
|  27|0x0000000083900000, 0x0000000083900000, 0x0000000083a00000|  0%| F|  |TAMS 0x0000000083900000, 0x0000000083900000| Untracked 
|  28|0x0000000083a00000, 0x0000000083a00000, 0x0000000083b00000|  0%| F|  |TAMS 0x0000000083a00000, 0x0000000083a00000| Untracked 
|  29|0x0000000083b00000, 0x0000000083b00000, 0x0000000083c00000|  0%| F|  |TAMS 0x0000000083b00000, 0x0000000083b00000| Untracked 
|  30|0x0000000083c00000, 0x0000000083c00000, 0x0000000083d00000|  0%| F|  |TAMS 0x0000000083c00000, 0x0000000083c00000| Untracked 
|  31|0x0000000083d00000, 0x0000000083d00000, 0x0000000083e00000|  0%| F|  |TAMS 0x0000000083d00000, 0x0000000083d00000| Untracked 
|  32|0x0000000083e00000, 0x0000000083e00000, 0x0000000083f00000|  0%| F|  |TAMS 0x0000000083e00000, 0x0000000083e00000| Untracked 
|  33|0x0000000083f00000, 0x0000000083f00000, 0x0000000084000000|  0%| F|  |TAMS 0x0000000083f00000, 0x0000000083f00000| Untracked 
|  34|0x0000000084000000, 0x0000000084000000, 0x0000000084100000|  0%| F|  |TAMS 0x0000000084000000, 0x0000000084000000| Untracked 
|  35|0x0000000084100000, 0x0000000084100000, 0x0000000084200000|  0%| F|  |TAMS 0x0000000084100000, 0x0000000084100000| Untracked 
|  36|0x0000000084200000, 0x0000000084200000, 0x0000000084300000|  0%| F|  |TAMS 0x0000000084200000, 0x0000000084200000| Untracked 
|  37|0x0000000084300000, 0x0000000084300000, 0x0000000084400000|  0%| F|  |TAMS 0x0000000084300000, 0x0000000084300000| Untracked 
|  38|0x0000000084400000, 0x0000000084400000, 0x0000000084500000|  0%| F|  |TAMS 0x0000000084400000, 0x0000000084400000| Untracked 
|  39|0x0000000084500000, 0x0000000084500000, 0x0000000084600000|  0%| F|  |TAMS 0x0000000084500000, 0x0000000084500000| Untracked 
|  40|0x0000000084600000, 0x0000000084600000, 0x0000000084700000|  0%| F|  |TAMS 0x0000000084600000, 0x0000000084600000| Untracked 
|  41|0x0000000084700000, 0x0000000084700000, 0x0000000084800000|  0%| F|  |TAMS 0x0000000084700000, 0x0000000084700000| Untracked 
|  42|0x0000000084800000, 0x0000000084800000, 0x0000000084900000|  0%| F|  |TAMS 0x0000000084800000, 0x0000000084800000| Untracked 
|  43|0x0000000084900000, 0x0000000084900000, 0x0000000084a00000|  0%| F|  |TAMS 0x0000000084900000, 0x0000000084900000| Untracked 
|  44|0x0000000084a00000, 0x0000000084a00000, 0x0000000084b00000|  0%| F|  |TAMS 0x0000000084a00000, 0x0000000084a00000| Untracked 
|  45|0x0000000084b00000, 0x0000000084b00000, 0x0000000084c00000|  0%| F|  |TAMS 0x0000000084b00000, 0x0000000084b00000| Untracked 
|  46|0x0000000084c00000, 0x0000000084c00000, 0x0000000084d00000|  0%| F|  |TAMS 0x0000000084c00000, 0x0000000084c00000| Untracked 
|  47|0x0000000084d00000, 0x0000000084d00000, 0x0000000084e00000|  0%| F|  |TAMS 0x0000000084d00000, 0x0000000084d00000| Untracked 
|  48|0x0000000084e00000, 0x0000000084e00000, 0x0000000084f00000|  0%| F|  |TAMS 0x0000000084e00000, 0x0000000084e00000| Untracked 
|  49|0x0000000084f00000, 0x0000000084f00000, 0x0000000085000000|  0%| F|  |TAMS 0x0000000084f00000, 0x0000000084f00000| Untracked 
|  50|0x0000000085000000, 0x0000000085000000, 0x0000000085100000|  0%| F|  |TAMS 0x0000000085000000, 0x0000000085000000| Untracked 
|  51|0x0000000085100000, 0x0000000085100000, 0x0000000085200000|  0%| F|  |TAMS 0x0000000085100000, 0x0000000085100000| Untracked 
|  52|0x0000000085200000, 0x0000000085200000, 0x0000000085300000|  0%| F|  |TAMS 0x0000000085200000, 0x0000000085200000| Untracked 
|  53|0x0000000085300000, 0x0000000085300000, 0x0000000085400000|  0%| F|  |TAMS 0x0000000085300000, 0x0000000085300000| Untracked 
|  54|0x0000000085400000, 0x0000000085400000, 0x0000000085500000|  0%| F|  |TAMS 0x0000000085400000, 0x0000000085400000| Untracked 
|  55|0x0000000085500000, 0x0000000085500000, 0x0000000085600000|  0%| F|  |TAMS 0x0000000085500000, 0x0000000085500000| Untracked 
|  56|0x0000000085600000, 0x0000000085600000, 0x0000000085700000|  0%| F|  |TAMS 0x0000000085600000, 0x0000000085600000| Untracked 
|  57|0x0000000085700000, 0x0000000085700000, 0x0000000085800000|  0%| F|  |TAMS 0x0000000085700000, 0x0000000085700000| Untracked 
|  58|0x0000000085800000, 0x0000000085800000, 0x0000000085900000|  0%| F|  |TAMS 0x0000000085800000, 0x0000000085800000| Untracked 
|  59|0x0000000085900000, 0x0000000085900000, 0x0000000085a00000|  0%| F|  |TAMS 0x0000000085900000, 0x0000000085900000| Untracked 
|  60|0x0000000085a00000, 0x0000000085a00000, 0x0000000085b00000|  0%| F|  |TAMS 0x0000000085a00000, 0x0000000085a00000| Untracked 
|  61|0x0000000085b00000, 0x0000000085b00000, 0x0000000085c00000|  0%| F|  |TAMS 0x0000000085b00000, 0x0000000085b00000| Untracked 
|  62|0x0000000085c00000, 0x0000000085c00000, 0x0000000085d00000|  0%| F|  |TAMS 0x0000000085c00000, 0x0000000085c00000| Untracked 
|  63|0x0000000085d00000, 0x0000000085d00000, 0x0000000085e00000|  0%| F|  |TAMS 0x0000000085d00000, 0x0000000085d00000| Untracked 
|  64|0x0000000085e00000, 0x0000000085e00000, 0x0000000085f00000|  0%| F|  |TAMS 0x0000000085e00000, 0x0000000085e00000| Untracked 
|  65|0x0000000085f00000, 0x0000000085f00000, 0x0000000086000000|  0%| F|  |TAMS 0x0000000085f00000, 0x0000000085f00000| Untracked 
|  66|0x0000000086000000, 0x0000000086000000, 0x0000000086100000|  0%| F|  |TAMS 0x0000000086000000, 0x0000000086000000| Untracked 
|  67|0x0000000086100000, 0x0000000086100000, 0x0000000086200000|  0%| F|  |TAMS 0x0000000086100000, 0x0000000086100000| Untracked 
|  68|0x0000000086200000, 0x0000000086200000, 0x0000000086300000|  0%| F|  |TAMS 0x0000000086200000, 0x0000000086200000| Untracked 
|  69|0x0000000086300000, 0x0000000086300000, 0x0000000086400000|  0%| F|  |TAMS 0x0000000086300000, 0x0000000086300000| Untracked 
|  70|0x0000000086400000, 0x0000000086400000, 0x0000000086500000|  0%| F|  |TAMS 0x0000000086400000, 0x0000000086400000| Untracked 
|  71|0x0000000086500000, 0x0000000086500000, 0x0000000086600000|  0%| F|  |TAMS 0x0000000086500000, 0x0000000086500000| Untracked 
|  72|0x0000000086600000, 0x0000000086600000, 0x0000000086700000|  0%| F|  |TAMS 0x0000000086600000, 0x0000000086600000| Untracked 
|  73|0x0000000086700000, 0x0000000086700000, 0x0000000086800000|  0%| F|  |TAMS 0x0000000086700000, 0x0000000086700000| Untracked 
|  74|0x0000000086800000, 0x0000000086800000, 0x0000000086900000|  0%| F|  |TAMS 0x0000000086800000, 0x0000000086800000| Untracked 
|  75|0x0000000086900000, 0x0000000086900000, 0x0000000086a00000|  0%| F|  |TAMS 0x0000000086900000, 0x0000000086900000| Untracked 
|  76|0x0000000086a00000, 0x0000000086a00000, 0x0000000086b00000|  0%| F|  |TAMS 0x0000000086a00000, 0x0000000086a00000| Untracked 
|  77|0x0000000086b00000, 0x0000000086b00000, 0x0000000086c00000|  0%| F|  |TAMS 0x0000000086b00000, 0x0000000086b00000| Untracked 
|  78|0x0000000086c00000, 0x0000000086c00000, 0x0000000086d00000|  0%| F|  |TAMS 0x0000000086c00000, 0x0000000086c00000| Untracked 
|  79|0x0000000086d00000, 0x0000000086d00000, 0x0000000086e00000|  0%| F|  |TAMS 0x0000000086d00000, 0x0000000086d00000| Untracked 
|  80|0x0000000086e00000, 0x0000000086e00000, 0x0000000086f00000|  0%| F|  |TAMS 0x0000000086e00000, 0x0000000086e00000| Untracked 
|  81|0x0000000086f00000, 0x0000000086f00000, 0x0000000087000000|  0%| F|  |TAMS 0x0000000086f00000, 0x0000000086f00000| Untracked 
|  82|0x0000000087000000, 0x0000000087000000, 0x0000000087100000|  0%| F|  |TAMS 0x0000000087000000, 0x0000000087000000| Untracked 
|  83|0x0000000087100000, 0x0000000087100000, 0x0000000087200000|  0%| F|  |TAMS 0x0000000087100000, 0x0000000087100000| Untracked 
|  84|0x0000000087200000, 0x0000000087200000, 0x0000000087300000|  0%| F|  |TAMS 0x0000000087200000, 0x0000000087200000| Untracked 
|  85|0x0000000087300000, 0x0000000087300000, 0x0000000087400000|  0%| F|  |TAMS 0x0000000087300000, 0x0000000087300000| Untracked 
|  86|0x0000000087400000, 0x0000000087400000, 0x0000000087500000|  0%| F|  |TAMS 0x0000000087400000, 0x0000000087400000| Untracked 
|  87|0x0000000087500000, 0x0000000087500000, 0x0000000087600000|  0%| F|  |TAMS 0x0000000087500000, 0x0000000087500000| Untracked 
|  88|0x0000000087600000, 0x0000000087600000, 0x0000000087700000|  0%| F|  |TAMS 0x0000000087600000, 0x0000000087600000| Untracked 
|  89|0x0000000087700000, 0x0000000087700000, 0x0000000087800000|  0%| F|  |TAMS 0x0000000087700000, 0x0000000087700000| Untracked 
|  90|0x0000000087800000, 0x0000000087800000, 0x0000000087900000|  0%| F|  |TAMS 0x0000000087800000, 0x0000000087800000| Untracked 
|  91|0x0000000087900000, 0x0000000087900000, 0x0000000087a00000|  0%| F|  |TAMS 0x0000000087900000, 0x0000000087900000| Untracked 
|  92|0x0000000087a00000, 0x0000000087a41b20, 0x0000000087b00000| 25%| S|CS|TAMS 0x0000000087a00000, 0x0000000087a00000| Complete 
|  93|0x0000000087b00000, 0x0000000087c00000, 0x0000000087c00000|100%| S|CS|TAMS 0x0000000087b00000, 0x0000000087b00000| Complete 
|  94|0x0000000087c00000, 0x0000000087d00000, 0x0000000087d00000|100%| S|CS|TAMS 0x0000000087c00000, 0x0000000087c00000| Complete 
|  95|0x0000000087d00000, 0x0000000087e00000, 0x0000000087e00000|100%| S|CS|TAMS 0x0000000087d00000, 0x0000000087d00000| Complete 
|  96|0x0000000087e00000, 0x0000000087e00000, 0x0000000087f00000|  0%| F|  |TAMS 0x0000000087e00000, 0x0000000087e00000| Untracked 
|  97|0x0000000087f00000, 0x0000000087f00000, 0x0000000088000000|  0%| F|  |TAMS 0x0000000087f00000, 0x0000000087f00000| Untracked 
|  98|0x0000000088000000, 0x0000000088000000, 0x0000000088100000|  0%| F|  |TAMS 0x0000000088000000, 0x0000000088000000| Untracked 
|  99|0x0000000088100000, 0x0000000088100000, 0x0000000088200000|  0%| F|  |TAMS 0x0000000088100000, 0x0000000088100000| Untracked 
| 100|0x0000000088200000, 0x0000000088200000, 0x0000000088300000|  0%| F|  |TAMS 0x0000000088200000, 0x0000000088200000| Untracked 
| 101|0x0000000088300000, 0x0000000088300000, 0x0000000088400000|  0%| F|  |TAMS 0x0000000088300000, 0x0000000088300000| Untracked 
| 102|0x0000000088400000, 0x0000000088400000, 0x0000000088500000|  0%| F|  |TAMS 0x0000000088400000, 0x0000000088400000| Untracked 
| 103|0x0000000088500000, 0x0000000088500000, 0x0000000088600000|  0%| F|  |TAMS 0x0000000088500000, 0x0000000088500000| Untracked 
| 104|0x0000000088600000, 0x0000000088600000, 0x0000000088700000|  0%| F|  |TAMS 0x0000000088600000, 0x0000000088600000| Untracked 
| 105|0x0000000088700000, 0x0000000088700000, 0x0000000088800000|  0%| F|  |TAMS 0x0000000088700000, 0x0000000088700000| Untracked 
| 106|0x0000000088800000, 0x0000000088800000, 0x0000000088900000|  0%| F|  |TAMS 0x0000000088800000, 0x0000000088800000| Untracked 
| 107|0x0000000088900000, 0x0000000088900000, 0x0000000088a00000|  0%| F|  |TAMS 0x0000000088900000, 0x0000000088900000| Untracked 
| 108|0x0000000088a00000, 0x0000000088a00000, 0x0000000088b00000|  0%| F|  |TAMS 0x0000000088a00000, 0x0000000088a00000| Untracked 
| 109|0x0000000088b00000, 0x0000000088b00000, 0x0000000088c00000|  0%| F|  |TAMS 0x0000000088b00000, 0x0000000088b00000| Untracked 
| 110|0x0000000088c00000, 0x0000000088c00000, 0x0000000088d00000|  0%| F|  |TAMS 0x0000000088c00000, 0x0000000088c00000| Untracked 
| 111|0x0000000088d00000, 0x0000000088d00000, 0x0000000088e00000|  0%| F|  |TAMS 0x0000000088d00000, 0x0000000088d00000| Untracked 
| 112|0x0000000088e00000, 0x0000000088e00000, 0x0000000088f00000|  0%| F|  |TAMS 0x0000000088e00000, 0x0000000088e00000| Untracked 
| 113|0x0000000088f00000, 0x0000000088f00000, 0x0000000089000000|  0%| F|  |TAMS 0x0000000088f00000, 0x0000000088f00000| Untracked 
| 114|0x0000000089000000, 0x0000000089000000, 0x0000000089100000|  0%| F|  |TAMS 0x0000000089000000, 0x0000000089000000| Untracked 
| 115|0x0000000089100000, 0x0000000089100000, 0x0000000089200000|  0%| F|  |TAMS 0x0000000089100000, 0x0000000089100000| Untracked 
| 116|0x0000000089200000, 0x0000000089200000, 0x0000000089300000|  0%| F|  |TAMS 0x0000000089200000, 0x0000000089200000| Untracked 
| 117|0x0000000089300000, 0x0000000089300000, 0x0000000089400000|  0%| F|  |TAMS 0x0000000089300000, 0x0000000089300000| Untracked 
| 118|0x0000000089400000, 0x0000000089400000, 0x0000000089500000|  0%| F|  |TAMS 0x0000000089400000, 0x0000000089400000| Untracked 
| 119|0x0000000089500000, 0x00000000895e5360, 0x0000000089600000| 89%| E|  |TAMS 0x0000000089500000, 0x0000000089500000| Complete 
| 120|0x0000000089600000, 0x0000000089700000, 0x0000000089700000|100%| E|CS|TAMS 0x0000000089600000, 0x0000000089600000| Complete 
| 121|0x0000000089700000, 0x0000000089800000, 0x0000000089800000|100%| E|CS|TAMS 0x0000000089700000, 0x0000000089700000| Complete 
| 122|0x0000000089800000, 0x0000000089900000, 0x0000000089900000|100%| E|CS|TAMS 0x0000000089800000, 0x0000000089800000| Complete 
| 123|0x0000000089900000, 0x0000000089a00000, 0x0000000089a00000|100%| E|CS|TAMS 0x0000000089900000, 0x0000000089900000| Complete 
| 124|0x0000000089a00000, 0x0000000089b00000, 0x0000000089b00000|100%| E|CS|TAMS 0x0000000089a00000, 0x0000000089a00000| Complete 
| 125|0x0000000089b00000, 0x0000000089c00000, 0x0000000089c00000|100%| E|CS|TAMS 0x0000000089b00000, 0x0000000089b00000| Complete 
| 126|0x0000000089c00000, 0x0000000089d00000, 0x0000000089d00000|100%| E|CS|TAMS 0x0000000089c00000, 0x0000000089c00000| Complete 
| 127|0x0000000089d00000, 0x0000000089e00000, 0x0000000089e00000|100%| E|CS|TAMS 0x0000000089d00000, 0x0000000089d00000| Complete 

Card table byte_map: [0x0000016152ef0000,0x00000161532f0000] _byte_map_base: 0x0000016152ae1000

Marking Bits (Prev, Next): (CMBitMap*) 0x000001613bfefcd0, (CMBitMap*) 0x000001613bfefd10
 Prev Bits: [0x00000161536f0000, 0x0000016155678000)
 Next Bits: [0x0000016155680000, 0x0000016157608000)

Polling page: 0x000001613b780000

Metaspace:

Usage:
  Non-class:     12.29 MB used.
      Class:      2.13 MB used.
       Both:     14.43 MB used.

Virtual space:
  Non-class space:       16.00 MB reserved,      12.38 MB ( 77%) committed,  2 nodes.
      Class space:        1.00 GB reserved,       2.25 MB ( <1%) committed,  1 nodes.
             Both:        1.02 GB reserved,      14.62 MB (  1%) committed. 

Chunk freelists:
   Non-Class:  3.33 MB
       Class:  1.80 MB
        Both:  5.12 MB

MaxMetaspaceSize: unlimited
CompressedClassSpaceSize: 1.00 GB
Initial GC threshold: 21.00 MB
Current GC threshold: 21.00 MB
CDS: on
MetaspaceReclaimPolicy: balanced
 - commit_granule_bytes: 65536.
 - commit_granule_words: 8192.
 - virtual_space_node_default_size: 1048576.
 - enlarge_chunks_in_place: 1.
 - new_chunks_are_fully_committed: 0.
 - uncommit_free_chunks: 1.
 - use_allocation_guard: 0.
 - handle_deallocations: 1.


Internal statistics:

num_allocs_failed_limit: 0.
num_arena_births: 192.
num_arena_deaths: 0.
num_vsnodes_births: 3.
num_vsnodes_deaths: 0.
num_space_committed: 234.
num_space_uncommitted: 0.
num_chunks_returned_to_freelist: 0.
num_chunks_taken_from_freelist: 670.
num_chunk_merges: 0.
num_chunk_splits: 464.
num_chunks_enlarged: 367.
num_purges: 0.
num_inconsistent_stats: 0.

CodeHeap 'non-profiled nmethods': size=120000Kb used=792Kb max_used=792Kb free=119207Kb
 bounds [0x000001614b280000, 0x000001614b4f0000, 0x00000161527b0000]
CodeHeap 'profiled nmethods': size=120000Kb used=3620Kb max_used=3620Kb free=116379Kb
 bounds [0x0000016143d50000, 0x00000161440e0000, 0x000001614b280000]
CodeHeap 'non-nmethods': size=5760Kb used=1420Kb max_used=1458Kb free=4339Kb
 bounds [0x00000161437b0000, 0x0000016143a20000, 0x0000016143d50000]
 total_blobs=2914 nmethods=2132 adapters=694
 compilation: enabled
              stopped_count=0, restarted_count=0
 full_count=0

Compilation events (20 events):
Event: 5.715 Thread 0x000001615a01bd90 nmethod 2122 0x000001614b343690 code [0x000001614b343820, 0x000001614b3438f8]
Event: 5.715 Thread 0x000001615a01bd90 2125       1       com.sun.prism.impl.ManagedResource::isPermanent (5 bytes)
Event: 5.715 Thread 0x000001615a01bd90 nmethod 2125 0x000001614b343990 code [0x000001614b343b20, 0x000001614b343bf8]
Event: 5.727 Thread 0x000001615a01af40 nmethod 2119% 0x000001614b343c90 code [0x000001614b343e40, 0x000001614b344978]
Event: 5.728 Thread 0x000001615a01bd90 2126       3       javafx.scene.Parent::layout (160 bytes)
Event: 5.729 Thread 0x000001615a01bd90 nmethod 2126 0x00000161440d4890 code [0x00000161440d4b00, 0x00000161440d5a98]
Event: 5.791 Thread 0x000001615a01bd90 2127       1       java.util.stream.Collectors$CollectorImpl::characteristics (5 bytes)
Event: 5.791 Thread 0x000001615a01bd90 nmethod 2127 0x000001614b345190 code [0x000001614b345320, 0x000001614b3453f8]
Event: 5.798 Thread 0x000001615a01bd90 2128       3       jdk.internal.org.objectweb.asm.FieldWriter::putFieldInfo (269 bytes)
Event: 5.799 Thread 0x000001615a01bd90 nmethod 2128 0x00000161440d5e10 code [0x00000161440d6080, 0x00000161440d69c8]
Event: 5.799 Thread 0x000001615a01bd90 2129       3       java.lang.invoke.MethodHandles$Lookup::findConstructor (61 bytes)
Event: 5.800 Thread 0x000001615a01bd90 nmethod 2129 0x00000161440d6d10 code [0x00000161440d6f80, 0x00000161440d77b8]
Event: 5.800 Thread 0x000001615a01bd90 2130       3       java.lang.invoke.MethodHandles$Lookup::getDirectConstructor (10 bytes)
Event: 5.800 Thread 0x000001615a01bd90 nmethod 2130 0x00000161440d7b10 code [0x00000161440d7ca0, 0x00000161440d7de8]
Event: 5.800 Thread 0x000001615a01bd90 2132       3       java.lang.invoke.MethodHandle::asTypeUncached (59 bytes)
Event: 5.800 Thread 0x000001615a01bd90 nmethod 2132 0x00000161440d7e90 code [0x00000161440d8160, 0x00000161440d8cd8]
Event: 5.805 Thread 0x000001615a01af40 2133       4       java.util.HashMap$ValueIterator::next (8 bytes)
Event: 5.809 Thread 0x000001615a01af40 nmethod 2133 0x000001614b345910 code [0x000001614b345aa0, 0x000001614b345ed8]
Event: 5.824 Thread 0x000001615a01bd90 2134       1       java.util.concurrent.CopyOnWriteArrayList::setArray (6 bytes)
Event: 5.824 Thread 0x000001615a01bd90 nmethod 2134 0x000001614b346090 code [0x000001614b346220, 0x000001614b346338]

GC Heap History (4 events):
Event: 1.093 GC heap before
{Heap before GC invocations=0 (full 0):
 garbage-first heap   total 131072K, used 23552K [0x0000000081e00000, 0x0000000100000000)
  region size 1024K, 23 young (23552K), 0 survivors (0K)
 Metaspace       used 5415K, committed 5568K, reserved 1056768K
  class space    used 619K, committed 704K, reserved 1048576K
}
Event: 1.099 GC heap after
{Heap after GC invocations=1 (full 0):
 garbage-first heap   total 131072K, used 6982K [0x0000000081e00000, 0x0000000100000000)
  region size 1024K, 3 young (3072K), 3 survivors (3072K)
 Metaspace       used 5415K, committed 5568K, reserved 1056768K
  class space    used 619K, committed 704K, reserved 1048576K
}
Event: 2.038 GC heap before
{Heap before GC invocations=1 (full 0):
 garbage-first heap   total 131072K, used 35654K [0x0000000081e00000, 0x0000000100000000)
  region size 1024K, 32 young (32768K), 3 survivors (3072K)
 Metaspace       used 12788K, committed 12992K, reserved 1064960K
  class space    used 1946K, committed 2048K, reserved 1048576K
}
Event: 2.045 GC heap after
{Heap after GC invocations=2 (full 0):
 garbage-first heap   total 131072K, used 9842K [0x0000000081e00000, 0x0000000100000000)
  region size 1024K, 4 young (4096K), 4 survivors (4096K)
 Metaspace       used 12788K, committed 12992K, reserved 1064960K
  class space    used 1946K, committed 2048K, reserved 1048576K
}

Deoptimization events (20 events):
Event: 4.626 Thread 0x000001615bb1bad0 DEOPT PACKING pc=0x000001614b30717c sp=0x0000000dd7efa020
Event: 4.626 Thread 0x000001615bb1bad0 DEOPT UNPACKING pc=0x00000161438023a3 sp=0x0000000dd7efa070 mode 2
Event: 4.626 Thread 0x000001615bb1bad0 Uncommon trap: trap_request=0xffffffde fr.pc=0x000001614b30717c relative=0x00000000000019dc
Event: 4.626 Thread 0x000001615bb1bad0 Uncommon trap: reason=class_check action=maybe_recompile pc=0x000001614b30717c method=java.util.zip.InflaterInputStream.read([BII)I @ 100 c2
Event: 4.626 Thread 0x000001615bb1bad0 DEOPT PACKING pc=0x000001614b30717c sp=0x0000000dd7ef9ea0
Event: 4.626 Thread 0x000001615bb1bad0 DEOPT UNPACKING pc=0x00000161438023a3 sp=0x0000000dd7ef9ef0 mode 2
Event: 4.627 Thread 0x000001615bb1bad0 Uncommon trap: trap_request=0xffffffde fr.pc=0x000001614b30717c relative=0x00000000000019dc
Event: 4.627 Thread 0x000001615bb1bad0 Uncommon trap: reason=class_check action=maybe_recompile pc=0x000001614b30717c method=java.util.zip.InflaterInputStream.read([BII)I @ 100 c2
Event: 4.627 Thread 0x000001615bb1bad0 DEOPT PACKING pc=0x000001614b30717c sp=0x0000000dd7ef9ea0
Event: 4.627 Thread 0x000001615bb1bad0 DEOPT UNPACKING pc=0x00000161438023a3 sp=0x0000000dd7ef9ef0 mode 2
Event: 4.627 Thread 0x000001615bb1bad0 Uncommon trap: trap_request=0xffffffde fr.pc=0x000001614b30717c relative=0x00000000000019dc
Event: 4.627 Thread 0x000001615bb1bad0 Uncommon trap: reason=class_check action=maybe_recompile pc=0x000001614b30717c method=java.util.zip.InflaterInputStream.read([BII)I @ 100 c2
Event: 4.627 Thread 0x000001615bb1bad0 DEOPT PACKING pc=0x000001614b30717c sp=0x0000000dd7ef9ea0
Event: 4.627 Thread 0x000001615bb1bad0 DEOPT UNPACKING pc=0x00000161438023a3 sp=0x0000000dd7ef9ef0 mode 2
Event: 4.650 Thread 0x000001615bb1bad0 Uncommon trap: trap_request=0xffffff45 fr.pc=0x000001614b2e735c relative=0x000000000000005c
Event: 4.650 Thread 0x000001615bb1bad0 Uncommon trap: reason=unstable_if action=reinterpret pc=0x000001614b2e735c method=java.util.Objects.equals(Ljava/lang/Object;Ljava/lang/Object;)Z @ 6 c2
Event: 4.650 Thread 0x000001615bb1bad0 DEOPT PACKING pc=0x000001614b2e735c sp=0x0000000dd7efa570
Event: 4.650 Thread 0x000001615bb1bad0 DEOPT UNPACKING pc=0x00000161438023a3 sp=0x0000000dd7efa510 mode 2
Event: 5.714 Thread 0x000001615b6d4960 DEOPT PACKING pc=0x000001614403b6f7 sp=0x0000000dd7cfdb70
Event: 5.714 Thread 0x000001615b6d4960 DEOPT UNPACKING pc=0x0000016143802b43 sp=0x0000000dd7cfcf90 mode 0

Classes unloaded (0 events):
No events

Classes redefined (0 events):
No events

Internal exceptions (20 events):
Event: 1.296 Thread 0x000001615bb1bad0 Exception <a 'java/lang/ClassNotFoundException'{0x00000000895af0d8}: com/sun/glass/ui/win/themes_en> (0x00000000895af0d8) 
thrown [t:\workspace\open\src\hotspot\share\prims\jni.cpp, line 535]
Event: 1.297 Thread 0x000001615bb1bad0 Exception <a 'java/lang/ClassNotFoundException'{0x00000000895b3110}: com/sun/glass/ui/win/themes_en_US> (0x00000000895b3110) 
thrown [t:\workspace\open\src\hotspot\share\prims\jni.cpp, line 535]
Event: 1.382 Thread 0x000001615bb1bad0 Exception <a 'java/lang/NoSuchMethodError'{0x0000000089135710}: 'void java.lang.invoke.DirectMethodHandle$Holder.invokeStaticInit(java.lang.Object, java.lang.Object)'> (0x0000000089135710) 
thrown [t:\workspace\open\src\hotspot\share\interpreter\linkResolver.cpp, line 766]
Event: 1.401 Thread 0x000001615bb1bad0 Exception <a 'java/lang/NoSuchMethodError'{0x00000000890372e0}: 'void java.lang.invoke.DirectMethodHandle$Holder.invokeSpecial(java.lang.Object, java.lang.Object, java.lang.Object, java.lang.Object, java.lang.Object)'> (0x00000000890372e0) 
thrown [t:\workspace\open\src\hotspot\share\interpreter\linkResolver.cpp, line 766]
Event: 1.489 Thread 0x000001615bb1bad0 Implicit null exception at 0x000001614b29f260 to 0x000001614b29f2fa
Event: 1.496 Thread 0x000001615bb1bad0 Implicit null exception at 0x000001614b2db20f to 0x000001614b2db670
Event: 1.506 Thread 0x000001615bb1bad0 Implicit null exception at 0x000001614b2d9f2c to 0x000001614b2da364
Event: 1.506 Thread 0x000001615bb1bad0 Implicit null exception at 0x000001614b29948f to 0x000001614b299509
Event: 1.697 Thread 0x000001615bb1bad0 Exception <a 'java/lang/ClassNotFoundException'{0x0000000088843da8}: com/sun/javafx/scene/control/skin/resources/controls> (0x0000000088843da8) 
thrown [t:\workspace\open\src\hotspot\share\prims\jni.cpp, line 535]
Event: 1.698 Thread 0x000001615bb1bad0 Exception <a 'java/lang/ClassNotFoundException'{0x0000000088851d48}: com/sun/javafx/scene/control/skin/resources/controls_en> (0x0000000088851d48) 
thrown [t:\workspace\open\src\hotspot\share\prims\jni.cpp, line 535]
Event: 1.699 Thread 0x000001615bb1bad0 Exception <a 'java/lang/ClassNotFoundException'{0x0000000088853658}: com/sun/javafx/scene/control/skin/resources/controls_en_US> (0x0000000088853658) 
thrown [t:\workspace\open\src\hotspot\share\prims\jni.cpp, line 535]
Event: 1.761 Thread 0x000001615bb1bad0 Exception <a 'java/lang/NoSuchMethodError'{0x00000000883188c0}: 'void java.lang.invoke.DirectMethodHandle$Holder.invokeSpecial(java.lang.Object, java.lang.Object, java.lang.Object, java.lang.Object, java.lang.Object, java.lang.Object)'> (0x00000000883188c0) 
thrown [t:\workspace\open\src\hotspot\share\interpreter\linkResolver.cpp, line 766]
Event: 1.767 Thread 0x000001615bb1bad0 Exception <a 'java/lang/NoSuchMethodError'{0x0000000088339330}: 'java.lang.Object java.lang.invoke.DirectMethodHandle$Holder.invokeInterface(java.lang.Object, java.lang.Object, java.lang.Object)'> (0x0000000088339330) 
thrown [t:\workspace\open\src\hotspot\share\interpreter\linkResolver.cpp, line 766]
Event: 1.768 Thread 0x000001615bb1bad0 Exception <a 'java/lang/IncompatibleClassChangeError'{0x000000008833ccb8}: Found class java.lang.Object, but interface was expected> (0x000000008833ccb8) 
thrown [t:\workspace\open\src\hotspot\share\interpreter\linkResolver.cpp, line 833]
Event: 1.891 Thread 0x000001615bb1bad0 Exception <a 'java/lang/NoSuchMethodError'{0x0000000087f121f8}: 'java.lang.Object java.lang.invoke.DirectMethodHandle$Holder.newInvokeSpecial(java.lang.Object, java.lang.Object, int)'> (0x0000000087f121f8) 
thrown [t:\workspace\open\src\hotspot\share\interpreter\linkResolver.cpp, line 766]
Event: 1.927 Thread 0x000001615b6d4960 Exception <a 'java/lang/NoSuchMethodError'{0x0000000087fbdfe0}: 'int java.lang.invoke.DirectMethodHandle$Holder.invokeStaticInit(java.lang.Object, java.lang.Object)'> (0x0000000087fbdfe0) 
thrown [t:\workspace\open\src\hotspot\share\interpreter\linkResolver.cpp, line 766]
Event: 1.939 Thread 0x000001615bb1bad0 Exception <a 'java/lang/NoSuchMethodError'{0x0000000087e12690}: 'long java.lang.invoke.DirectMethodHandle$Holder.invokeStatic(java.lang.Object, java.lang.Object, java.lang.Object)'> (0x0000000087e12690) 
thrown [t:\workspace\open\src\hotspot\share\interpreter\linkResolver.cpp, line 766]
Event: 1.940 Thread 0x000001615bb1bad0 Exception <a 'java/lang/NoSuchMethodError'{0x0000000087e160e0}: 'long java.lang.invoke.DirectMethodHandle$Holder.invokeStaticInit(java.lang.Object, java.lang.Object, java.lang.Object)'> (0x0000000087e160e0) 
thrown [t:\workspace\open\src\hotspot\share\interpreter\linkResolver.cpp, line 766]
Event: 1.944 Thread 0x000001615bb1bad0 Exception <a 'java/lang/NoSuchMethodError'{0x0000000087e2df90}: 'java.lang.Object java.lang.invoke.DirectMethodHandle$Holder.newInvokeSpecial(java.lang.Object, java.lang.Object, long)'> (0x0000000087e2df90) 
thrown [t:\workspace\open\src\hotspot\share\interpreter\linkResolver.cpp, line 766]
Event: 1.945 Thread 0x000001615bb1bad0 Exception <a 'java/lang/NoSuchMethodError'{0x0000000087e31b00}: 'java.lang.Object java.lang.invoke.Invokers$Holder.linkToTargetMethod(java.lang.Object, long, java.lang.Object)'> (0x0000000087e31b00) 
thrown [t:\workspace\open\src\hotspot\share\interpreter\linkResolver.cpp, line 766]

VM Operations (20 events):
Event: 0.438 Executing VM operation: HandshakeAllThreads done
Event: 0.843 Executing VM operation: HandshakeAllThreads
Event: 0.843 Executing VM operation: HandshakeAllThreads done
Event: 1.093 Executing VM operation: G1CollectForAllocation
Event: 1.099 Executing VM operation: G1CollectForAllocation done
Event: 1.209 Executing VM operation: HandshakeAllThreads
Event: 1.209 Executing VM operation: HandshakeAllThreads done
Event: 1.310 Executing VM operation: HandshakeAllThreads
Event: 1.310 Executing VM operation: HandshakeAllThreads done
Event: 2.038 Executing VM operation: G1CollectForAllocation
Event: 2.045 Executing VM operation: G1CollectForAllocation done
Event: 3.697 Executing VM operation: HandshakeAllThreads
Event: 3.697 Executing VM operation: HandshakeAllThreads done
Event: 3.697 Executing VM operation: Cleanup
Event: 3.698 Executing VM operation: Cleanup done
Event: 4.680 Executing VM operation: ICBufferFull
Event: 4.681 Executing VM operation: ICBufferFull done
Event: 5.681 Executing VM operation: Cleanup
Event: 5.681 Executing VM operation: Cleanup done
Event: 5.825 Executing VM operation: Exit

Events (20 events):
Event: 4.654 loading class sun/text/resources/BreakIteratorResources
Event: 4.654 loading class sun/util/resources/BreakIteratorResourceBundle
Event: 4.654 loading class sun/util/resources/BreakIteratorResourceBundle done
Event: 4.654 loading class sun/text/resources/BreakIteratorResources done
Event: 4.654 loading class sun/text/resources/BreakIteratorResources_en
Event: 4.654 loading class sun/text/resources/BreakIteratorResources_en done
Event: 4.654 loading class sun/text/resources/BreakIteratorResources_en_US
Event: 4.654 loading class sun/text/resources/BreakIteratorResources_en_US done
Event: 4.655 loading class sun/text/RuleBasedBreakIterator
Event: 4.655 loading class sun/text/RuleBasedBreakIterator done
Event: 4.656 loading class sun/text/CompactByteArray
Event: 4.656 loading class sun/text/CompactByteArray done
Event: 4.656 loading class sun/text/SupplementaryCharacterData
Event: 4.656 loading class sun/text/SupplementaryCharacterData done
Event: 4.656 loading class java/text/BreakIterator$BreakIteratorCache
Event: 4.656 loading class java/text/BreakIterator$BreakIteratorCache done
Event: 5.823 Thread 0x000001615bd8f250 Thread added: 0x000001615bd8f250
Event: 5.824 Thread 0x000001615bd8d570 Thread added: 0x000001615bd8d570
Event: 5.824 Thread 0x000001615bd8f250 Thread exited: 0x000001615bd8f250
Event: 5.825 Thread 0x000001615bd8d570 Thread exited: 0x000001615bd8d570


Dynamic libraries:
0x00007ff649910000 - 0x00007ff649920000 	C:\Program Files\Java\jdk-17.0.1\bin\java.exe
0x00007ffe5f760000 - 0x00007ffe5f969000 	C:\WINDOWS\SYSTEM32\ntdll.dll
0x00007ffe3bcc0000 - 0x00007ffe3bcd7000 	C:\Program Files\AVG\Antivirus\aswhook.dll
0x00007ffe5d9c0000 - 0x00007ffe5da7d000 	C:\WINDOWS\System32\KERNEL32.DLL
0x00007ffe5ce50000 - 0x00007ffe5d1cc000 	C:\WINDOWS\System32\KERNELBASE.dll
0x00007ffe5cd30000 - 0x00007ffe5ce41000 	C:\WINDOWS\System32\ucrtbase.dll
0x00007ffe58f00000 - 0x00007ffe58f1a000 	C:\Program Files\Java\jdk-17.0.1\bin\VCRUNTIME140.dll
0x00007ffe58060000 - 0x00007ffe58078000 	C:\Program Files\Java\jdk-17.0.1\bin\jli.dll
0x00007ffe5e980000 - 0x00007ffe5ea2e000 	C:\WINDOWS\System32\ADVAPI32.dll
0x00007ffe5d910000 - 0x00007ffe5d9b3000 	C:\WINDOWS\System32\msvcrt.dll
0x00007ffe5ebf0000 - 0x00007ffe5ec8e000 	C:\WINDOWS\System32\sechost.dll
0x00007ffe5f0a0000 - 0x00007ffe5f1c0000 	C:\WINDOWS\System32\RPCRT4.dll
0x00007ffe5dff0000 - 0x00007ffe5e19d000 	C:\WINDOWS\System32\USER32.dll
0x00007ffe4ae50000 - 0x00007ffe4b0f5000 	C:\WINDOWS\WinSxS\amd64_microsoft.windows.common-controls_6595b64144ccf1df_6.0.22000.120_none_9d947278b86cc467\COMCTL32.dll
0x00007ffe5cc40000 - 0x00007ffe5cc66000 	C:\WINDOWS\System32\win32u.dll
0x00007ffe5f580000 - 0x00007ffe5f5a9000 	C:\WINDOWS\System32\GDI32.dll
0x00007ffe5d1d0000 - 0x00007ffe5d2e9000 	C:\WINDOWS\System32\gdi32full.dll
0x00007ffe5d4d0000 - 0x00007ffe5d56d000 	C:\WINDOWS\System32\msvcp_win.dll
0x00007ffe55b40000 - 0x00007ffe55b4a000 	C:\WINDOWS\SYSTEM32\VERSION.dll
0x00007ffe5f1c0000 - 0x00007ffe5f1f1000 	C:\WINDOWS\System32\IMM32.DLL
0x00007ffe58f70000 - 0x00007ffe58f7c000 	C:\Program Files\Java\jdk-17.0.1\bin\vcruntime140_1.dll
0x00007ffe49fe0000 - 0x00007ffe4a06d000 	C:\Program Files\Java\jdk-17.0.1\bin\msvcp140.dll
0x00007ffdeba50000 - 0x00007ffdec60e000 	C:\Program Files\Java\jdk-17.0.1\bin\server\jvm.dll
0x00007ffe5f5b0000 - 0x00007ffe5f5b8000 	C:\WINDOWS\System32\PSAPI.DLL
0x00007ffe48690000 - 0x00007ffe48699000 	C:\WINDOWS\SYSTEM32\WSOCK32.dll
0x00007ffe55be0000 - 0x00007ffe55c13000 	C:\WINDOWS\SYSTEM32\WINMM.dll
0x00007ffe5f6b0000 - 0x00007ffe5f71f000 	C:\WINDOWS\System32\WS2_32.dll
0x00007ffe5bde0000 - 0x00007ffe5bdf8000 	C:\WINDOWS\SYSTEM32\kernel.appcore.dll
0x00007ffe57ff0000 - 0x00007ffe57ffa000 	C:\Program Files\Java\jdk-17.0.1\bin\jimage.dll
0x00007ffe5a730000 - 0x00007ffe5a951000 	C:\WINDOWS\SYSTEM32\DBGHELP.DLL
0x00007ffe4cee0000 - 0x00007ffe4cf11000 	C:\WINDOWS\SYSTEM32\dbgcore.DLL
0x00007ffe5d570000 - 0x00007ffe5d5ef000 	C:\WINDOWS\System32\bcryptPrimitives.dll
0x00007ffe4b8d0000 - 0x00007ffe4b8de000 	C:\Program Files\Java\jdk-17.0.1\bin\instrument.dll
0x00007ffe56300000 - 0x00007ffe56325000 	C:\Program Files\Java\jdk-17.0.1\bin\java.dll
0x00007ffe47a30000 - 0x00007ffe47b06000 	C:\Program Files\Java\jdk-17.0.1\bin\svml.dll
0x00007ffe5e1a0000 - 0x00007ffe5e958000 	C:\WINDOWS\System32\SHELL32.dll
0x00007ffe5ad70000 - 0x00007ffe5b5d8000 	C:\WINDOWS\SYSTEM32\windows.storage.dll
0x00007ffe5f200000 - 0x00007ffe5f579000 	C:\WINDOWS\System32\combase.dll
0x00007ffe5ac00000 - 0x00007ffe5ad66000 	C:\WINDOWS\SYSTEM32\wintypes.dll
0x00007ffe5ee30000 - 0x00007ffe5ef1a000 	C:\WINDOWS\System32\SHCORE.dll
0x00007ffe5d6d0000 - 0x00007ffe5d72d000 	C:\WINDOWS\System32\shlwapi.dll
0x00007ffe5cb70000 - 0x00007ffe5cb91000 	C:\WINDOWS\SYSTEM32\profapi.dll
0x00007ffe4b8b0000 - 0x00007ffe4b8c9000 	C:\Program Files\Java\jdk-17.0.1\bin\net.dll
0x00007ffe54d40000 - 0x00007ffe54e4c000 	C:\WINDOWS\SYSTEM32\WINHTTP.dll
0x00007ffe5c230000 - 0x00007ffe5c297000 	C:\WINDOWS\system32\mswsock.dll
0x00007ffe4b890000 - 0x00007ffe4b8a5000 	C:\Program Files\Java\jdk-17.0.1\bin\nio.dll
0x00007ffe4b4c0000 - 0x00007ffe4b4d8000 	C:\Program Files\Java\jdk-17.0.1\bin\zip.dll
0x00007ffe49aa0000 - 0x00007ffe49aba000 	C:\Program Files\JetBrains\IntelliJ IDEA Community Edition 2021.2.2\bin\breakgen64.dll
0x000001615a2e0000 - 0x000001615a2e3000 	D:\Github\ATPH\BT-01.03\lib\javafx-sdk-18\bin\api-ms-win-core-console-l1-1-0.dll
0x000001615a1b0000 - 0x000001615a1b3000 	D:\Github\ATPH\BT-01.03\lib\javafx-sdk-18\bin\api-ms-win-core-console-l1-2-0.dll
0x000001615a1c0000 - 0x000001615a1c3000 	D:\Github\ATPH\BT-01.03\lib\javafx-sdk-18\bin\api-ms-win-core-datetime-l1-1-0.dll
0x000001615a1d0000 - 0x000001615a1d3000 	D:\Github\ATPH\BT-01.03\lib\javafx-sdk-18\bin\api-ms-win-core-debug-l1-1-0.dll
0x000001615a1e0000 - 0x000001615a1e3000 	D:\Github\ATPH\BT-01.03\lib\javafx-sdk-18\bin\api-ms-win-core-errorhandling-l1-1-0.dll
0x000001615a1f0000 - 0x000001615a1f4000 	D:\Github\ATPH\BT-01.03\lib\javafx-sdk-18\bin\api-ms-win-core-file-l1-1-0.dll
0x000001615a200000 - 0x000001615a203000 	D:\Github\ATPH\BT-01.03\lib\javafx-sdk-18\bin\api-ms-win-core-file-l1-2-0.dll
0x000001615a210000 - 0x000001615a213000 	D:\Github\ATPH\BT-01.03\lib\javafx-sdk-18\bin\api-ms-win-core-file-l2-1-0.dll
0x000001615a220000 - 0x000001615a223000 	D:\Github\ATPH\BT-01.03\lib\javafx-sdk-18\bin\api-ms-win-core-handle-l1-1-0.dll
0x000001615a230000 - 0x000001615a233000 	D:\Github\ATPH\BT-01.03\lib\javafx-sdk-18\bin\api-ms-win-core-heap-l1-1-0.dll
0x000001615a240000 - 0x000001615a243000 	D:\Github\ATPH\BT-01.03\lib\javafx-sdk-18\bin\api-ms-win-core-interlocked-l1-1-0.dll
0x000001615a250000 - 0x000001615a253000 	D:\Github\ATPH\BT-01.03\lib\javafx-sdk-18\bin\api-ms-win-core-libraryloader-l1-1-0.dll
0x000001615a260000 - 0x000001615a263000 	D:\Github\ATPH\BT-01.03\lib\javafx-sdk-18\bin\api-ms-win-core-localization-l1-2-0.dll
0x000001615a270000 - 0x000001615a273000 	D:\Github\ATPH\BT-01.03\lib\javafx-sdk-18\bin\api-ms-win-core-memory-l1-1-0.dll
0x000001615a280000 - 0x000001615a283000 	D:\Github\ATPH\BT-01.03\lib\javafx-sdk-18\bin\api-ms-win-core-namedpipe-l1-1-0.dll
0x000001615a290000 - 0x000001615a293000 	D:\Github\ATPH\BT-01.03\lib\javafx-sdk-18\bin\api-ms-win-core-processenvironment-l1-1-0.dll
0x000001615a2a0000 - 0x000001615a2a3000 	D:\Github\ATPH\BT-01.03\lib\javafx-sdk-18\bin\api-ms-win-core-processthreads-l1-1-0.dll
0x000001615a2b0000 - 0x000001615a2b3000 	D:\Github\ATPH\BT-01.03\lib\javafx-sdk-18\bin\api-ms-win-core-processthreads-l1-1-1.dll
0x000001615a2c0000 - 0x000001615a2c3000 	D:\Github\ATPH\BT-01.03\lib\javafx-sdk-18\bin\api-ms-win-core-profile-l1-1-0.dll
0x000001615a2d0000 - 0x000001615a2d3000 	D:\Github\ATPH\BT-01.03\lib\javafx-sdk-18\bin\api-ms-win-core-rtlsupport-l1-1-0.dll
0x000001615a2f0000 - 0x000001615a2f3000 	D:\Github\ATPH\BT-01.03\lib\javafx-sdk-18\bin\api-ms-win-core-string-l1-1-0.dll
0x000001615a300000 - 0x000001615a303000 	D:\Github\ATPH\BT-01.03\lib\javafx-sdk-18\bin\api-ms-win-core-synch-l1-1-0.dll
0x000001615a310000 - 0x000001615a313000 	D:\Github\ATPH\BT-01.03\lib\javafx-sdk-18\bin\api-ms-win-core-synch-l1-2-0.dll
0x000001615a320000 - 0x000001615a323000 	D:\Github\ATPH\BT-01.03\lib\javafx-sdk-18\bin\api-ms-win-core-sysinfo-l1-1-0.dll
0x000001615a330000 - 0x000001615a333000 	D:\Github\ATPH\BT-01.03\lib\javafx-sdk-18\bin\api-ms-win-core-timezone-l1-1-0.dll
0x000001615a340000 - 0x000001615a343000 	D:\Github\ATPH\BT-01.03\lib\javafx-sdk-18\bin\api-ms-win-core-util-l1-1-0.dll
0x000001615a350000 - 0x000001615a353000 	D:\Github\ATPH\BT-01.03\lib\javafx-sdk-18\bin\api-ms-win-crt-conio-l1-1-0.dll
0x000001615a360000 - 0x000001615a364000 	D:\Github\ATPH\BT-01.03\lib\javafx-sdk-18\bin\api-ms-win-crt-convert-l1-1-0.dll
0x000001615a370000 - 0x000001615a373000 	D:\Github\ATPH\BT-01.03\lib\javafx-sdk-18\bin\api-ms-win-crt-environment-l1-1-0.dll
0x000001615a380000 - 0x000001615a383000 	D:\Github\ATPH\BT-01.03\lib\javafx-sdk-18\bin\api-ms-win-crt-filesystem-l1-1-0.dll
0x000001615a390000 - 0x000001615a393000 	D:\Github\ATPH\BT-01.03\lib\javafx-sdk-18\bin\api-ms-win-crt-heap-l1-1-0.dll
0x000001615a3a0000 - 0x000001615a3a3000 	D:\Github\ATPH\BT-01.03\lib\javafx-sdk-18\bin\api-ms-win-crt-locale-l1-1-0.dll
0x000001615a3b0000 - 0x000001615a3b5000 	D:\Github\ATPH\BT-01.03\lib\javafx-sdk-18\bin\api-ms-win-crt-math-l1-1-0.dll
0x000001615a3c0000 - 0x000001615a3c5000 	D:\Github\ATPH\BT-01.03\lib\javafx-sdk-18\bin\api-ms-win-crt-multibyte-l1-1-0.dll
0x000001615a3d0000 - 0x000001615a3e0000 	D:\Github\ATPH\BT-01.03\lib\javafx-sdk-18\bin\api-ms-win-crt-private-l1-1-0.dll
0x000001615a3e0000 - 0x000001615a3e3000 	D:\Github\ATPH\BT-01.03\lib\javafx-sdk-18\bin\api-ms-win-crt-process-l1-1-0.dll
0x000001615a3f0000 - 0x000001615a3f4000 	D:\Github\ATPH\BT-01.03\lib\javafx-sdk-18\bin\api-ms-win-crt-runtime-l1-1-0.dll
0x000001615c7d0000 - 0x000001615c7d4000 	D:\Github\ATPH\BT-01.03\lib\javafx-sdk-18\bin\api-ms-win-crt-stdio-l1-1-0.dll
0x000001615c7e0000 - 0x000001615c7e4000 	D:\Github\ATPH\BT-01.03\lib\javafx-sdk-18\bin\api-ms-win-crt-string-l1-1-0.dll
0x000001615c7f0000 - 0x000001615c7f3000 	D:\Github\ATPH\BT-01.03\lib\javafx-sdk-18\bin\api-ms-win-crt-time-l1-1-0.dll
0x000001615c800000 - 0x000001615c803000 	D:\Github\ATPH\BT-01.03\lib\javafx-sdk-18\bin\api-ms-win-crt-utility-l1-1-0.dll
0x00007ffe478d0000 - 0x00007ffe479cc000 	D:\Github\ATPH\BT-01.03\lib\javafx-sdk-18\bin\ucrtbase.dll
0x00007ffe47b90000 - 0x00007ffe47baa000 	D:\Github\ATPH\BT-01.03\lib\javafx-sdk-18\bin\vcruntime140.dll
0x00007ffe4b2a0000 - 0x00007ffe4b2ac000 	D:\Github\ATPH\BT-01.03\lib\javafx-sdk-18\bin\vcruntime140_1.dll
0x00007ffe47840000 - 0x00007ffe478cd000 	D:\Github\ATPH\BT-01.03\lib\javafx-sdk-18\bin\msvcp140.dll
0x00007ffe47810000 - 0x00007ffe4783c000 	D:\Github\ATPH\BT-01.03\lib\javafx-sdk-18\bin\prism_d3d.dll
0x00007ffe4c8e0000 - 0x00007ffe4ca86000 	C:\WINDOWS\system32\d3d9.dll
0x00007ffe5a310000 - 0x00007ffe5a33f000 	C:\WINDOWS\SYSTEM32\dwmapi.dll
0x00007ffe5a070000 - 0x00007ffe5a0a8000 	C:\WINDOWS\SYSTEM32\dxcore.dll
0x00007ffe59f90000 - 0x00007ffe5a03c000 	C:\WINDOWS\system32\uxtheme.dll
0x00007ffdefde0000 - 0x00007ffdeff43000 	C:\WINDOWS\System32\DriverStore\FileRepository\iigd_dch.inf_amd64_5d54dd32fa1ef4d4\igdumdim64.dll
0x00007ffdd5e20000 - 0x00007ffdd9862000 	C:\WINDOWS\System32\DriverStore\FileRepository\iigd_dch.inf_amd64_5d54dd32fa1ef4d4\igd9dxva64.dll
0x00007ffe5ec90000 - 0x00007ffe5ee2a000 	C:\WINDOWS\System32\ole32.dll
0x00007ffe5d5f0000 - 0x00007ffe5d6c6000 	C:\WINDOWS\System32\OLEAUT32.dll
0x00007ffe5da80000 - 0x00007ffe5deec000 	C:\WINDOWS\System32\SETUPAPI.dll
0x00007ffe5c940000 - 0x00007ffe5c98c000 	C:\WINDOWS\SYSTEM32\cfgmgr32.dll
0x00007ffe52110000 - 0x00007ffe5234f000 	C:\WINDOWS\System32\DriverStore\FileRepository\iigd_dch.inf_amd64_5d54dd32fa1ef4d4\igdgmm64.dll
0x00007ffe57e00000 - 0x00007ffe57e44000 	C:\WINDOWS\SYSTEM32\directxdatabasehelper.dll
0x00007ffe5a1d0000 - 0x00007ffe5a204000 	C:\WINDOWS\SYSTEM32\ntmarta.dll
0x00007ffe44fb0000 - 0x00007ffe44ff2000 	D:\Github\ATPH\BT-01.03\lib\javafx-sdk-18\bin\glass.dll
0x00007ffe5f5c0000 - 0x00007ffe5f6ac000 	C:\WINDOWS\System32\COMDLG32.dll
0x00007ffe5ef20000 - 0x00007ffe5f03e000 	C:\WINDOWS\System32\MSCTF.dll
0x00007ffe41b70000 - 0x00007ffe41b97000 	C:\WINDOWS\System32\DriverStore\FileRepository\iigd_dch.inf_amd64_5d54dd32fa1ef4d4\igdinfo64.dll
0x00007ffe5c490000 - 0x00007ffe5c4a8000 	C:\WINDOWS\SYSTEM32\CRYPTSP.dll
0x00007ffe5bd40000 - 0x00007ffe5bd75000 	C:\WINDOWS\system32\rsaenh.dll
0x00007ffe5c4b0000 - 0x00007ffe5c4bc000 	C:\WINDOWS\SYSTEM32\CRYPTBASE.dll
0x00007ffe5c620000 - 0x00007ffe5c647000 	C:\WINDOWS\SYSTEM32\bcrypt.dll
0x00007ffe4f540000 - 0x00007ffe52109000 	C:\WINDOWS\System32\DriverStore\FileRepository\iigd_dch.inf_amd64_5d54dd32fa1ef4d4\igc64.dll
0x00007ffe477f0000 - 0x00007ffe47804000 	D:\Github\ATPH\BT-01.03\lib\javafx-sdk-18\bin\javafx_font.dll
0x00007ffe42740000 - 0x00007ffe4299f000 	C:\WINDOWS\SYSTEM32\dwrite.dll
0x00007ffe5ea30000 - 0x00007ffe5eadf000 	C:\WINDOWS\System32\clbcatq.dll
0x00007ffe56090000 - 0x00007ffe5623e000 	C:\WINDOWS\SYSTEM32\WindowsCodecs.dll
0x00007ffe3bbc0000 - 0x00007ffe3bc1d000 	C:\WINDOWS\system32\dataexchange.dll
0x00007ffe548e0000 - 0x00007ffe54b46000 	C:\WINDOWS\system32\twinapi.appcore.dll
0x00007ffe42bd0000 - 0x00007ffe42c02000 	C:\Program Files\Common Files\Microsoft Shared\Ink\rtscom.dll
0x00007ffe48b70000 - 0x00007ffe48c9d000 	C:\WINDOWS\SYSTEM32\textinputframework.dll
0x00007ffe59be0000 - 0x00007ffe59d12000 	C:\WINDOWS\SYSTEM32\CoreMessaging.dll
0x00007ffe573e0000 - 0x00007ffe5774d000 	C:\WINDOWS\SYSTEM32\CoreUIComponents.dll
0x00007ffe58770000 - 0x00007ffe58d28000 	C:\WINDOWS\SYSTEM32\d2d1.dll
0x00007ffe56d60000 - 0x00007ffe56fe0000 	C:\WINDOWS\SYSTEM32\d3d11.dll

dbghelp: loaded successfully - version: 4.0.5 - missing functions: none
symbol engine: initialized successfully - sym options: 0x614 - pdb path: .;C:\Program Files\Java\jdk-17.0.1\bin;C:\WINDOWS\SYSTEM32;C:\Program Files\AVG\Antivirus;C:\WINDOWS\WinSxS\amd64_microsoft.windows.common-controls_6595b64144ccf1df_6.0.22000.120_none_9d947278b86cc467;C:\Program Files\Java\jdk-17.0.1\bin\server;C:\Program Files\JetBrains\IntelliJ IDEA Community Edition 2021.2.2\bin;D:\Github\ATPH\BT-01.03\lib\javafx-sdk-18\bin;C:\WINDOWS\System32\DriverStore\FileRepository\iigd_dch.inf_amd64_5d54dd32fa1ef4d4;C:\Program Files\Common Files\Microsoft Shared\Ink

VM Arguments:
jvm_args: --module-path=lib\javafx-sdk-18\lib --add-modules=javafx.controls,javafx.fxml,javafx.graphics --add-opens=javafx.base/com.sun.javafx.runtime=ALL-UNNAMED --add-opens=javafx.controls/com.sun.javafx.scene.control.behavior=ALL-UNNAMED --add-opens=javafx.controls/com.sun.javafx.scene.control=ALL-UNNAMED --add-opens=javafx.base/com.sun.javafx.binding=ALL-UNNAMED --add-opens=javafx.base/com.sun.javafx.event=ALL-UNNAMED --add-opens=javafx.graphics/com.sun.javafx.stage=ALL-UNNAMED -javaagent:C:\Program Files\JetBrains\IntelliJ IDEA Community Edition 2021.2.2\lib\idea_rt.jar=1233:C:\Program Files\JetBrains\IntelliJ IDEA Community Edition 2021.2.2\bin -Dfile.encoding=UTF-8 
java_command: Main
java_class_path (initial): D:\Github\ATPH\BT-01.03\target\classes;C:\Users\LENOVO\.m2\repository\javax\xml\bind\jaxb-api\2.3.1\jaxb-api-2.3.1.jar;C:\Users\LENOVO\.m2\repository\javax\activation\javax.activation-api\1.2.0\javax.activation-api-1.2.0.jar;C:\Users\LENOVO\.m2\repository\org\postgresql\postgresql\42.3.4\postgresql-42.3.4.jar;C:\Users\LENOVO\.m2\repository\org\checkerframework\checker-qual\3.5.0\checker-qual-3.5.0.jar;C:\Users\LENOVO\.m2\repository\org\hibernate\hibernate-core\5.3.11.Final\hibernate-core-5.3.11.Final.jar;C:\Users\LENOVO\.m2\repository\org\jboss\logging\jboss-logging\3.3.2.Final\jboss-logging-3.3.2.Final.jar;C:\Users\LENOVO\.m2\repository\javax\persistence\javax.persistence-api\2.2\javax.persistence-api-2.2.jar;C:\Users\LENOVO\.m2\repository\org\javassist\javassist\3.23.2-GA\javassist-3.23.2-GA.jar;C:\Users\LENOVO\.m2\repository\net\bytebuddy\byte-buddy\1.9.5\byte-buddy-1.9.5.jar;C:\Users\LENOVO\.m2\repository\antlr\antlr\2.7.7\antlr-2.7.7.jar;C:\Users\LENOVO\.m2\repository\org\jboss\spec\javax\transaction\jboss-transaction-api_1.2_spec\1.1.1.Final\jboss-transaction-api_1.2_spec-1.1.1.Final.jar;C:\Users\LENOVO\.m2\repository\org\jboss\jandex\2.0.5.Final\jandex-2.0.5.Final.jar;C:\Users\LENOVO\.m2\repository\com\fasterxml\classmate\1.3.4\classmate-1.3.4.jar;C:\Users\LENOVO\.m2\repository\org\dom4j\dom4j\2.1.1\dom4j-2.1.1.jar;C:\Users\LENOVO\.m2\repository\org\hibernate\common\hibernate-commons-annotations\5.0.4.Final\hibernate-commons-annotations-5.0.4.Final.jar;C:\Users\LENOVO\.m2\repository\org\openjfx\javafx-controls\17-ea+11\javafx-controls-17-ea+11.jar;C:\Users\LENOVO\.m2\repository\org\openjfx\javafx-controls\17-ea+11\javafx-controls-17-ea+11-win.jar;C:\Users\LENOVO\.m2\repository\org\openjfx\javafx-graphics\17-ea+11\javafx-graphics-17-ea+11.jar;C:\Users\LENOVO\.m2\repository\org\openjfx\javafx-graphics\17-ea+11\javafx-graphics-17-ea+11-win.jar;C:\Users\LENOVO\.m2\repository\org\openjfx\javafx-base\17-ea+11\javafx-base-17-ea+11.jar;C:
Launcher Type: SUN_STANDARD

[Global flags]
     intx CICompilerCount                          = 4                                         {product} {ergonomic}
     uint ConcGCThreads                            = 2                                         {product} {ergonomic}
     uint G1ConcRefinementThreads                  = 8                                         {product} {ergonomic}
   size_t G1HeapRegionSize                         = 1048576                                   {product} {ergonomic}
    uintx GCDrainStackTargetSize                   = 64                                        {product} {ergonomic}
   size_t InitialHeapSize                          = 134217728                                 {product} {ergonomic}
   size_t MarkStackSize                            = 4194304                                   {product} {ergonomic}
   size_t MaxHeapSize                              = 2116026368                                {product} {ergonomic}
   size_t MaxNewSize                               = 1268776960                                {product} {ergonomic}
   size_t MinHeapDeltaBytes                        = 1048576                                   {product} {ergonomic}
   size_t MinHeapSize                              = 8388608                                   {product} {ergonomic}
    uintx NonNMethodCodeHeapSize                   = 5839372                                {pd product} {ergonomic}
    uintx NonProfiledCodeHeapSize                  = 122909434                              {pd product} {ergonomic}
    uintx ProfiledCodeHeapSize                     = 122909434                              {pd product} {ergonomic}
    uintx ReservedCodeCacheSize                    = 251658240                              {pd product} {ergonomic}
     bool SegmentedCodeCache                       = true                                      {product} {ergonomic}
   size_t SoftMaxHeapSize                          = 2116026368                             {manageable} {ergonomic}
     bool UseCompressedClassPointers               = true                           {product lp64_product} {ergonomic}
     bool UseCompressedOops                        = true                           {product lp64_product} {ergonomic}
     bool UseG1GC                                  = true                                      {product} {ergonomic}
     bool UseLargePagesIndividualAllocation        = false                                  {pd product} {ergonomic}

Logging:
Log output configuration:
 #0: stdout all=off uptime,level,tags
 #1: stderr all=off uptime,level,tags

Environment Variables:
JAVA_HOME=C:\Program Files\Java\jdk-17.0.1
PATH=C:\Program Files\Common Files\Oracle\Java\javapath;C:\app\LENOVO\product\18.0.0\dbhomeXE\bin;C:\Program Files (x86)\Common Files\Intel\Shared Libraries\redist\intel64\compiler;C:\Windows\system32;C:\Windows;C:\Windows\System32\Wbem;C:\Windows\System32\WindowsPowerShell\v1.0\;C:\Windows\System32\OpenSSH\;C:\Program Files (x86)\NVIDIA Corporation\PhysX\Common;C:\Program Files\NVIDIA Corporation\NVIDIA NvDLISR;C:\WINDOWS\system32;C:\WINDOWS;C:\WINDOWS\System32\Wbem;C:\WINDOWS\System32\WindowsPowerShell\v1.0\;C:\WINDOWS\System32\OpenSSH\;C:\Program Files\Azure Data Studio\bin;C:\Program Files\dotnet\;C:\Program Files\Git\cmd;C:\Program Files\nodejs\;C:\Program Files\Cloudflare\Cloudflare WARP;C:\Program Files\Java\jdk-17.0.1\bin;C:\Program Files (x86)\Microsoft SQL Server\150\DTS\Binn\;C:\Program Files\Microsoft SQL Server\Client SDK\ODBC\170\Tools\Binn\;C:\Program Files (x86)\Microsoft SQL Server\150\Tools\Binn\;C:\Program Files\Microsoft SQL Server\150\Tools\Binn\;C:\Program Files\Microsoft SQL Server\150\DTS\Binn\;C:\Program Files\Cloudflare\Cloudflare WARP\;C:\Program Files\Docker\Docker\resources\bin;C:\ProgramData\DockerDesktop\version-bin;C:\Program Files\Amazon\AWSCLIV2\;D:\Apps\Anaconda;D:\Apps\Anaconda\Library\mingw-w64\bin;D:\Apps\Anaconda\Library\usr\bin;D:\Apps\Anaconda\Library\bin;D:\Apps\Anaconda\Scripts;C:\Program Files\MySQL\MySQL Shell 8.0\bin\;C:\Users\LENOVO\AppData\Local\Microsoft\WindowsApps;C:\Users\LENOVO\AppData\Local\Programs\Microsoft VS Code\bin;C:\Users\LENOVO\AppData\Local\GitHubDesktop\bin;C:\Program Files\Azure Data Studio\bin;C:\flutter\bin;C:\Users\LENOVO\AppData\Roaming\npm;C:\Program Files\Java\jdk1.8.0_301;C:\Program Files\JetBrains\IntelliJ IDEA Community Edition 2021.2.2\bin;C:\Users\LENOVO\AppData\Local\atom\bin;C:\Program Files\JetBrains\PyCharm Community Edition 2021.3.3\bin;;C:\Users\LENOVO\AppData\Local\Microsoft\WindowsApps
USERNAME=LENOVO
OS=Windows_NT
PROCESSOR_IDENTIFIER=Intel64 Family 6 Model 142 Stepping 11, GenuineIntel



---------------  S Y S T E M  ---------------

OS:
 Windows 10 , 64 bit Build 22000 (10.0.22000.708)
OS uptime: 1 days 2:17 hours
Hyper-V role detected

CPU: total 8 (initial active 8) (4 cores per cpu, 2 threads per core) family 6 model 142 stepping 11 microcode 0xde, cx8, cmov, fxsr, ht, mmx, 3dnowpref, sse, sse2, sse3, ssse3, sse4.1, sse4.2, popcnt, lzcnt, tsc, tscinvbit, avx, avx2, aes, erms, clmul, bmi1, bmi2, adx, fma, vzeroupper, clflush, clflushopt, hv

Memory: 4k page, system-wide physical 8071M (659M free)
TotalPageFile size 16805M (AvailPageFile size 3504M)
current process WorkingSet (physical memory assigned to process): 147M, peak: 164M
current process commit charge ("private bytes"): 274M, peak: 289M

vm_info: Java HotSpot(TM) 64-Bit Server VM (17.0.1+12-LTS-39) for windows-amd64 JRE (17.0.1+12-LTS-39), built on Sep 27 2021 18:41:35 by "mach5one" with MS VC++ 16.8 (VS2019)

END.
